********************************************************************************
DUPLICATOR-LITE PACKAGE-LOG: 7 de March de 2022 15:43
NOTICE: Do NOT post to public sites or forums 
********************************************************************************
VERSION:	1.4.4
WORDPRESS:	5.9.1
PHP INFO:	7.4.26 | SAPI: apache2handler
SERVER:		Apache/2.4.51 (Win64) OpenSSL/1.1.1l PHP/7.4.26 
PHP TIME LIMIT: (0) no time limit imposed 
PHP MAX MEMORY: 4294967296 (512M default) 
MEMORY STACK: 6MB

********************************************************************************
DATABASE:
********************************************************************************
BUILD MODE:   MYSQLDUMP
MYSQLTIMEOUT: 5000
MYSQLDUMP:    Is Supported
SQL CREATED: 20220307_meiosdigitais_1f54bf254bb129171916_20220307154229_database.sql
SQL FILE SIZE: 3.17MB (3325559)
SQL FILE TIME: 2022-03-07 15:43:13
SQL RUNTIME: 2.79 sec.

********************************************************************************
ARCHIVE (ZIP):
********************************************************************************
ARCHIVE DIR:  C:/xampp/htdocs/landing-ebook/wordpress
ARCHIVE FILE: 20220307_meiosdigitais_1f54bf254bb129171916_20220307154229_archive.zip
FILTERS: *OFF*
DIRS:
	not set
FILES:
	not set
EXTS:  not set
----------------------------------------
COMPRESSING
SIZE:	116.28MB
STATS:	Dirs 766 | Files 5,175
SQL ADDED: 20220307_meiosdigitais_1f54bf254bb129171916_20220307154229_database.sql
ZipArchive Object
(
    [status] => 0
    [statusSys] => 0
    [numFiles] => 5941
    [filename] => C:\xampp\htdocs\landing-ebook\wordpress\wp-content\backups-dup-lite\tmp\20220307_meiosdigitais_1f54bf254bb129171916_20220307154229_archive.zip
    [comment] => 
)

FILE ADDED TO ZIP: 5940
COMPRESSION RESULT: '1'
COMPRESSED SIZE: 29.44MB
ARCHIVE RUNTIME: 17.40 sec.
MEMORY STACK: 8MB
building installer
add_extra_files1
add_extra_files2
add_extra_files3
add_extra_files4
Doing archive file check
add_extra_files5
add_extra_files6
add_extra_files8
Successfully opened zip C:/xampp/htdocs/landing-ebook/wordpress/wp-content/backups-dup-lite/tmp/20220307_meiosdigitais_1f54bf254bb129171916_20220307154229_archive.zip
Adding enhanced installer files to archive using ZipArchive
Installer files added to archive
Added to archive
After ziparchive close when adding installer

********************************************************************************
INTEGRITY CHECKS:
********************************************************************************
SQL FILE: 3.17MB
INSTALLER FILE: 64.6KB
ARCHIVE FILE: 30.46MB 
EXPECTED FILE/DIRECTORY COUNT: 5,941
ACTUAL FILE/DIRECTORY COUNT: 5,940
ARCHIVE CONSISTENCY TEST: Pass

********************************************************************************
RECORD ID:[1]
TOTAL PROCESS RUNTIME: 21.69 sec.
PEAK PHP MEMORY USED: 10MB
DONE PROCESSING => 20220307_meiosdigitais 7 de March de 2022 15:43

